<?xml version="1.0" encoding="UTF-8"?>
<!-- Generated by org.testng.reporters.JUnitReportReporter -->
<testsuite hostname="suhelsha-54061614H" failures="0" tests="1" name="ReadExcelData.readCSVData" time="51.148" errors="0" timestamp="2025-07-28T13:58:59 IST" skipped="0">
  <testcase classname="ReadExcelData.readCSVData" name="locatorsTestingBlog" time="51.148"/>
</testsuite> <!-- ReadExcelData.readCSVData -->
