<?xml version="1.0" encoding="UTF-8"?>
<!-- Generated by org.testng.reporters.JUnitReportReporter -->
<testsuite hostname="suhelsha-54061614H" failures="0" tests="1" name="HandlingScroll.TestScrollBy" time="15.101" errors="0" timestamp="2025-07-28T14:47:52 IST" skipped="0">
  <testcase classname="HandlingScroll.TestScrollBy" name="Test" time="15.101"/>
</testsuite> <!-- HandlingScroll.TestScrollBy -->
