<?xml version="1.0" encoding="UTF-8"?>
<!-- Generated by org.testng.reporters.JUnitReportReporter -->
<testsuite hostname="suhelsha-54061614H" failures="0" tests="1" name="HandlingAlerts.DemoAlerts" time="13.740" errors="0" timestamp="2025-07-25T17:22:07 IST" skipped="0">
  <testcase classname="HandlingAlerts.DemoAlerts" name="TestPopups" time="13.740"/>
</testsuite> <!-- HandlingAlerts.DemoAlerts -->
