<?xml version="1.0" encoding="UTF-8"?>
<!-- Generated by org.testng.reporters.JUnitReportReporter -->
<testsuite hostname="suhelsha-54061614H" failures="0" tests="1" name="locatorsDemo.LinkTextandPartialLinkText" time="25.999" errors="0" timestamp="2025-07-25T15:09:19 IST" skipped="0">
  <testcase classname="locatorsDemo.LinkTextandPartialLinkText" name="linkText" time="25.999"/>
</testsuite> <!-- locatorsDemo.LinkTextandPartialLinkText -->
