<?xml version="1.0" encoding="UTF-8"?>
<!-- Generated by org.testng.reporters.JUnitReportReporter -->
<testsuite hostname="suhelsha-54061614H" failures="0" tests="1" name="locatorsDemo.DemoID" time="11.585" errors="0" timestamp="2025-07-25T12:24:46 IST" skipped="0">
  <testcase classname="locatorsDemo.DemoID" name="DemoTestID" time="11.585"/>
</testsuite> <!-- locatorsDemo.DemoID -->
