<?xml version="1.0" encoding="UTF-8"?>
<!-- Generated by org.testng.reporters.JUnitReportReporter -->
<testsuite hostname="suhelsha-54061614H" failures="0" tests="1" name="RadioButtons.RadioButtons" time="15.169" errors="0" timestamp="2025-07-28T10:31:08 IST" skipped="0">
  <testcase classname="RadioButtons.RadioButtons" name="TestRadioButton" time="15.169"/>
</testsuite> <!-- RadioButtons.RadioButtons -->
