<?xml version="1.0" encoding="UTF-8"?>
<!-- Generated by org.testng.reporters.JUnitReportReporter -->
<testsuite hostname="suhelsha-54061614H" failures="0" tests="1" name="RadioButtons.EaseMyTripRadioButtons" time="6.237" errors="0" timestamp="2025-07-28T10:36:28 IST" skipped="0">
  <testcase classname="RadioButtons.EaseMyTripRadioButtons" name="TestRadioButton" time="6.237"/>
</testsuite> <!-- RadioButtons.EaseMyTripRadioButtons -->
